<?xml version="1.0" encoding="UTF-8"?>
<!-- Generated by org.testng.reporters.JUnitReportReporter -->
<testsuite hostname="LAPTOP-T30NFKDE" failures="0" tests="3" name="com.herokuapp.theinternet.LoginTests" time="74.218" errors="0" timestamp="08 Mar 2024 17:04:36 GMT" skipped="0">
  <testcase classname="com.herokuapp.theinternet.LoginTests" name="positiveLoginTest" time="14.884"/>
  <testcase classname="com.herokuapp.theinternet.LoginTests" name="negativeLoginTest" time="44.313"/>
  <testcase classname="com.herokuapp.theinternet.LoginTests" name="negativeLoginTest" time="15.021"/>
</testsuite> <!-- com.herokuapp.theinternet.LoginTests -->
