<?xml version="1.0" encoding="UTF-8"?>
<!-- Generated by org.testng.reporters.JUnitReportReporter -->
<testsuite hostname="LAPTOP-T30NFKDE" failures="0" tests="2" name="com.herokuapp.theinternet.NegativeTests" time="28.160" errors="0" timestamp="07 Mar 2024 17:35:35 GMT" skipped="0">
  <testcase classname="com.herokuapp.theinternet.NegativeTests" name="InvalidPasswordTest" time="14.315"/>
  <testcase classname="com.herokuapp.theinternet.NegativeTests" name="InvalidUserNameTest" time="13.845"/>
</testsuite> <!-- com.herokuapp.theinternet.NegativeTests -->
