<?xml version="1.0" encoding="UTF-8"?>
<!-- Generated by org.testng.reporters.JUnitReportReporter -->
<testsuite hostname="LAPTOP-T30NFKDE" failures="0" tests="1" name="com.herokuapp.theinternet.PositiveTests" time="18.863" errors="0" timestamp="07 Mar 2024 14:57:20 GMT" skipped="0">
  <testcase classname="com.herokuapp.theinternet.PositiveTests" name="loginTest" time="18.863"/>
</testsuite> <!-- com.herokuapp.theinternet.PositiveTests -->
