<?xml version="1.0" encoding="UTF-8"?>
<!-- Generated by org.testng.reporters.JUnitReportReporter -->
<testsuite hostname="LAPTOP-T30NFKDE" failures="0" tests="3" name="com.herokuapp.theinternet.NegativeTests" time="42.624" errors="0" timestamp="08 Mar 2024 10:11:42 GMT" skipped="0">
  <testcase classname="com.herokuapp.theinternet.NegativeTests" name="negativeLoginTest" time="13.933"/>
  <testcase classname="com.herokuapp.theinternet.NegativeTests" name="negativeLoginTest" time="13.876"/>
  <testcase classname="com.herokuapp.theinternet.NegativeTests" name="negativeLoginTest" time="14.815"/>
</testsuite> <!-- com.herokuapp.theinternet.NegativeTests -->
